<?xml version="1.0" encoding="UTF-8"?>
<!-- Generated by org.testng.reporters.JUnitXMLReporter -->
<testsuite hostname="BLRKEC103576L" ignored="0" name="search bar test" tests="2" failures="0" timestamp="04 May 2019 17:30:59 GMT" time="58.636" errors="0">
  <testcase name="locateSearchBar" time="30.503" classname="searchUIFunctionality.GoogleSearch"/>
  <testcase name="clearStringandSendNewString" time="28.094" classname="searchUIFunctionality.ClearSearch"/>
</testsuite> <!-- search bar test -->
