<?xml version="1.0" encoding="UTF-8"?>
<testng-results skipped="0" failed="0" ignored="0" total="1" passed="1">
  <reporter-output>
  </reporter-output>
  <suite name="Default suite" duration-ms="8539" started-at="2019-05-04T18:04:28Z" finished-at="2019-05-04T18:04:37Z">
    <groups>
    </groups>
    <test name="Default test" duration-ms="8539" started-at="2019-05-04T18:04:28Z" finished-at="2019-05-04T18:04:37Z">
      <class name="searchUIFunctionality.GoogleSearch">
        <test-method status="PASS" signature="beforeMethod()[pri:0, instance:searchUIFunctionality.GoogleSearch@100fc185]" name="beforeMethod" is-config="true" duration-ms="6280" started-at="2019-05-04T20:04:28Z" finished-at="2019-05-04T20:04:35Z">
          <reporter-output>
          </reporter-output>
        </test-method> <!-- beforeMethod -->
        <test-method status="PASS" signature="locateSearchBar()[pri:0, instance:searchUIFunctionality.GoogleSearch@100fc185]" name="locateSearchBar" duration-ms="1528" started-at="2019-05-04T20:04:35Z" finished-at="2019-05-04T20:04:36Z">
          <reporter-output>
          </reporter-output>
        </test-method> <!-- locateSearchBar -->
        <test-method status="PASS" signature="afterMethod()[pri:0, instance:searchUIFunctionality.GoogleSearch@100fc185]" name="afterMethod" is-config="true" duration-ms="694" started-at="2019-05-04T20:04:36Z" finished-at="2019-05-04T20:04:37Z">
          <reporter-output>
          </reporter-output>
        </test-method> <!-- afterMethod -->
      </class> <!-- searchUIFunctionality.GoogleSearch -->
    </test> <!-- Default test -->
  </suite> <!-- Default suite -->
</testng-results>
